[Sat Apr 15 14:44:53.926792 2023] [ssl:warn] [pid 7880:tid 384] AH01909: www.example.com:443:0 server certificate does NOT include an ID which matches the server name
[Sat Apr 15 14:44:53.965322 2023] [ssl:warn] [pid 7880:tid 384] AH01909: www.example.com:443:0 server certificate does NOT include an ID which matches the server name
[Sat Apr 15 14:44:54.015159 2023] [mpm_winnt:notice] [pid 7880:tid 384] AH00455: Apache/2.4.56 (Win64) OpenSSL/1.1.1t PHP/8.2.4 configured -- resuming normal operations
[Sat Apr 15 14:44:54.015159 2023] [mpm_winnt:notice] [pid 7880:tid 384] AH00456: Apache Lounge VS16 Server built: Mar  7 2023 13:21:03
[Sat Apr 15 14:44:54.015159 2023] [core:notice] [pid 7880:tid 384] AH00094: Command line: 'C:\\xampp\\apache\\bin\\httpd.exe -d C:/xampp/apache'
[Sat Apr 15 14:44:54.021422 2023] [mpm_winnt:notice] [pid 7880:tid 384] AH00418: Parent: Created child process 3724
[Sat Apr 15 14:44:54.357571 2023] [ssl:warn] [pid 3724:tid 168] AH01909: www.example.com:443:0 server certificate does NOT include an ID which matches the server name
[Sat Apr 15 14:44:54.389581 2023] [ssl:warn] [pid 3724:tid 168] AH01909: www.example.com:443:0 server certificate does NOT include an ID which matches the server name
[Sat Apr 15 14:44:54.423065 2023] [mpm_winnt:notice] [pid 3724:tid 168] AH00354: Child: Starting 150 worker threads.
[Sat Apr 15 14:45:25.812818 2023] [ssl:warn] [pid 12560:tid 364] AH01909: www.example.com:443:0 server certificate does NOT include an ID which matches the server name
[Sat Apr 15 14:45:25.853244 2023] [ssl:warn] [pid 12560:tid 364] AH01909: www.example.com:443:0 server certificate does NOT include an ID which matches the server name
[Sat Apr 15 14:45:25.886568 2023] [mpm_winnt:notice] [pid 12560:tid 364] AH00455: Apache/2.4.56 (Win64) OpenSSL/1.1.1t PHP/8.2.4 configured -- resuming normal operations
[Sat Apr 15 14:45:25.886568 2023] [mpm_winnt:notice] [pid 12560:tid 364] AH00456: Apache Lounge VS16 Server built: Mar  7 2023 13:21:03
[Sat Apr 15 14:45:25.886568 2023] [core:notice] [pid 12560:tid 364] AH00094: Command line: 'c:\\xampp\\apache\\bin\\httpd.exe -d C:/xampp/apache'
[Sat Apr 15 14:45:25.886568 2023] [mpm_winnt:notice] [pid 12560:tid 364] AH00418: Parent: Created child process 6660
[Sat Apr 15 14:45:26.195346 2023] [ssl:warn] [pid 6660:tid 360] AH01909: www.example.com:443:0 server certificate does NOT include an ID which matches the server name
[Sat Apr 15 14:45:26.226576 2023] [ssl:warn] [pid 6660:tid 360] AH01909: www.example.com:443:0 server certificate does NOT include an ID which matches the server name
[Sat Apr 15 14:45:26.257020 2023] [mpm_winnt:notice] [pid 6660:tid 360] AH00354: Child: Starting 150 worker threads.
[Sat Apr 15 15:07:33.300269 2023] [ssl:warn] [pid 9776:tid 364] AH01909: www.example.com:443:0 server certificate does NOT include an ID which matches the server name
[Sat Apr 15 15:07:33.331516 2023] [core:warn] [pid 9776:tid 364] AH00098: pid file C:/xampp/apache/logs/httpd.pid overwritten -- Unclean shutdown of previous Apache run?
[Sat Apr 15 15:07:33.331516 2023] [ssl:warn] [pid 9776:tid 364] AH01909: www.example.com:443:0 server certificate does NOT include an ID which matches the server name
[Sat Apr 15 15:07:33.362763 2023] [mpm_winnt:notice] [pid 9776:tid 364] AH00455: Apache/2.4.56 (Win64) OpenSSL/1.1.1t PHP/8.2.4 configured -- resuming normal operations
[Sat Apr 15 15:07:33.362763 2023] [mpm_winnt:notice] [pid 9776:tid 364] AH00456: Apache Lounge VS16 Server built: Mar  7 2023 13:21:03
[Sat Apr 15 15:07:33.362763 2023] [core:notice] [pid 9776:tid 364] AH00094: Command line: 'c:\\xampp\\apache\\bin\\httpd.exe -d C:/xampp/apache'
[Sat Apr 15 15:07:33.362763 2023] [mpm_winnt:notice] [pid 9776:tid 364] AH00418: Parent: Created child process 6532
[Sat Apr 15 15:07:33.659605 2023] [ssl:warn] [pid 6532:tid 364] AH01909: www.example.com:443:0 server certificate does NOT include an ID which matches the server name
[Sat Apr 15 15:07:33.675228 2023] [ssl:warn] [pid 6532:tid 364] AH01909: www.example.com:443:0 server certificate does NOT include an ID which matches the server name
[Sat Apr 15 15:07:33.706475 2023] [mpm_winnt:notice] [pid 6532:tid 364] AH00354: Child: Starting 150 worker threads.
[Tue Apr 18 20:35:13.909982 2023] [ssl:warn] [pid 2516:tid 356] AH01909: www.example.com:443:0 server certificate does NOT include an ID which matches the server name
[Tue Apr 18 20:35:13.943132 2023] [core:warn] [pid 2516:tid 356] AH00098: pid file C:/xampp/apache/logs/httpd.pid overwritten -- Unclean shutdown of previous Apache run?
[Tue Apr 18 20:35:13.946639 2023] [ssl:warn] [pid 2516:tid 356] AH01909: www.example.com:443:0 server certificate does NOT include an ID which matches the server name
[Tue Apr 18 20:35:14.246851 2023] [mpm_winnt:notice] [pid 2516:tid 356] AH00455: Apache/2.4.56 (Win64) OpenSSL/1.1.1t PHP/8.2.4 configured -- resuming normal operations
[Tue Apr 18 20:35:14.246851 2023] [mpm_winnt:notice] [pid 2516:tid 356] AH00456: Apache Lounge VS16 Server built: Mar  7 2023 13:21:03
[Tue Apr 18 20:35:14.246851 2023] [core:notice] [pid 2516:tid 356] AH00094: Command line: 'c:\\xampp\\apache\\bin\\httpd.exe -d C:/xampp/apache'
[Tue Apr 18 20:35:14.256556 2023] [mpm_winnt:notice] [pid 2516:tid 356] AH00418: Parent: Created child process 7788
[Tue Apr 18 20:35:14.539504 2023] [ssl:warn] [pid 7788:tid 336] AH01909: www.example.com:443:0 server certificate does NOT include an ID which matches the server name
[Tue Apr 18 20:35:14.576569 2023] [ssl:warn] [pid 7788:tid 336] AH01909: www.example.com:443:0 server certificate does NOT include an ID which matches the server name
[Tue Apr 18 20:35:14.616546 2023] [mpm_winnt:notice] [pid 7788:tid 336] AH00354: Child: Starting 150 worker threads.
[Tue Apr 18 21:46:56.722575 2023] [php:error] [pid 7788:tid 1860] [client ::1:53010] script 'C:/xampp/htdocs/pi/view/atendimento/cadastrarAtendimento.php' not found or unable to stat, referer: http://localhost/pi/view/atendimento/
[Tue Apr 18 21:48:19.701181 2023] [php:error] [pid 7788:tid 1860] [client ::1:53045] PHP Parse error:  syntax error, unexpected token "exit", expecting "," or ";" in C:\\xampp\\htdocs\\pi\\controller\\cadastrarAtendimento.php on line 20, referer: http://localhost/pi/view/atendimento/
[Tue Apr 18 21:49:14.445718 2023] [php:error] [pid 7788:tid 1840] [client ::1:53062] PHP Parse error:  syntax error, unexpected token "}", expecting "," or ";" in C:\\xampp\\htdocs\\pi\\controller\\cadastrarAtendimento.php on line 20, referer: http://localhost/pi/view/atendimento/
[Tue Apr 18 21:49:34.200568 2023] [php:error] [pid 7788:tid 1860] [client ::1:53076] PHP Parse error:  syntax error, unexpected token "}", expecting "," or ";" in C:\\xampp\\htdocs\\pi\\controller\\cadastrarAtendimento.php on line 20, referer: http://localhost/pi/view/atendimento/
[Tue Apr 18 21:49:56.216056 2023] [php:error] [pid 7788:tid 1840] [client ::1:53100] PHP Parse error:  syntax error, unexpected end of file in C:\\xampp\\htdocs\\pi\\controller\\cadastrarAtendimento.php on line 23, referer: http://localhost/pi/view/atendimento/
[Tue Apr 18 21:50:10.087891 2023] [php:error] [pid 7788:tid 1860] [client ::1:53104] PHP Parse error:  syntax error, unexpected end of file in C:\\xampp\\htdocs\\pi\\controller\\cadastrarAtendimento.php on line 23, referer: http://localhost/pi/view/atendimento/
[Tue Apr 18 21:54:44.725918 2023] [php:warn] [pid 7788:tid 1860] [client ::1:53227] PHP Warning:  Array to string conversion in C:\\xampp\\htdocs\\pi\\controller\\cadastrarAtendimento.php on line 17, referer: http://localhost/pi/view/atendimento/
[Tue Apr 18 21:59:01.184345 2023] [php:warn] [pid 7788:tid 1860] [client ::1:53279] PHP Warning:  Array to string conversion in C:\\xampp\\htdocs\\pi\\controller\\cadastrarAtendimento.php on line 17, referer: http://localhost/pi/view/atendimento/
[Tue Apr 18 21:59:25.916056 2023] [php:warn] [pid 7788:tid 1840] [client ::1:53309] PHP Warning:  Undefined array key 0 in C:\\xampp\\htdocs\\pi\\controller\\cadastrarAtendimento.php on line 17, referer: http://localhost/pi/view/atendimento/
[Tue Apr 18 21:59:32.912336 2023] [php:warn] [pid 7788:tid 1860] [client ::1:53318] PHP Warning:  Undefined array key 0 in C:\\xampp\\htdocs\\pi\\controller\\cadastrarAtendimento.php on line 17, referer: http://localhost/pi/view/atendimento/
[Tue Apr 18 22:00:32.605857 2023] [php:warn] [pid 7788:tid 1840] [client ::1:53330] PHP Warning:  Undefined array key "checkbox" in C:\\xampp\\htdocs\\pi\\controller\\cadastrarAtendimento.php on line 18, referer: http://localhost/pi/view/atendimento/
[Tue Apr 18 22:00:32.605857 2023] [php:warn] [pid 7788:tid 1840] [client ::1:53330] PHP Warning:  foreach() argument must be of type array|object, null given in C:\\xampp\\htdocs\\pi\\controller\\cadastrarAtendimento.php on line 18, referer: http://localhost/pi/view/atendimento/
[Tue Apr 18 22:02:42.225883 2023] [php:error] [pid 7788:tid 1860] [client ::1:53374] PHP Parse error:  syntax error, unexpected token "if" in C:\\xampp\\htdocs\\pi\\model\\inclusao.php on line 19, referer: http://localhost/pi/view/atendimento/
[Tue Apr 18 22:04:15.108559 2023] [php:error] [pid 7788:tid 1840] [client ::1:53394] PHP Parse error:  syntax error, unexpected token "if" in C:\\xampp\\htdocs\\pi\\model\\inclusao.php on line 19, referer: http://localhost/pi/view/atendimento/
[Tue Apr 18 22:04:18.930793 2023] [php:error] [pid 7788:tid 1840] [client ::1:53394] PHP Parse error:  syntax error, unexpected token "if" in C:\\xampp\\htdocs\\pi\\model\\inclusao.php on line 19, referer: http://localhost/pi/view/atendimento/
[Tue Apr 18 22:05:51.960762 2023] [php:error] [pid 7788:tid 1860] [client ::1:53425] PHP Parse error:  syntax error, unexpected token "if" in C:\\xampp\\htdocs\\pi\\model\\inclusao.php on line 19, referer: http://localhost/pi/view/atendimento/
[Tue Apr 18 22:06:08.889161 2023] [php:error] [pid 7788:tid 1840] [client ::1:53426] PHP Parse error:  syntax error, unexpected token "if" in C:\\xampp\\htdocs\\pi\\model\\inclusao.php on line 19, referer: http://localhost/pi/view/atendimento/
[Tue Apr 18 22:08:11.039007 2023] [php:error] [pid 7788:tid 1860] [client ::1:53465] PHP Parse error:  syntax error, unexpected token "if" in C:\\xampp\\htdocs\\pi\\model\\inclusao.php on line 19, referer: http://localhost/pi/view/atendimento/
[Tue Apr 18 22:08:21.540927 2023] [php:error] [pid 7788:tid 1840] [client ::1:53466] PHP Parse error:  syntax error, unexpected token "if" in C:\\xampp\\htdocs\\pi\\model\\inclusao.php on line 19, referer: http://localhost/pi/view/atendimento/
[Tue Apr 18 22:08:35.514854 2023] [php:error] [pid 7788:tid 1860] [client ::1:53476] PHP Parse error:  syntax error, unexpected token "if" in C:\\xampp\\htdocs\\pi\\model\\inclusao.php on line 19, referer: http://localhost/pi/view/atendimento/
[Tue Apr 18 22:09:22.635728 2023] [php:error] [pid 7788:tid 1840] [client ::1:53490] PHP Parse error:  syntax error, unexpected token "if" in C:\\xampp\\htdocs\\pi\\model\\inclusao.php on line 19, referer: http://localhost/pi/view/atendimento/
[Tue Apr 18 22:09:29.427520 2023] [php:error] [pid 7788:tid 1860] [client ::1:53549] PHP Parse error:  syntax error, unexpected token "if" in C:\\xampp\\htdocs\\pi\\model\\inclusao.php on line 19, referer: http://localhost/pi/view/atendimento/
[Tue Apr 18 22:10:12.855635 2023] [php:error] [pid 7788:tid 1840] [client ::1:53601] PHP Parse error:  syntax error, unexpected token "if" in C:\\xampp\\htdocs\\pi\\model\\inclusao.php on line 19, referer: http://localhost/pi/view/atendimento/
[Tue Apr 18 22:10:23.025881 2023] [ssl:warn] [pid 10732:tid 380] AH01909: www.example.com:443:0 server certificate does NOT include an ID which matches the server name
[Tue Apr 18 22:10:23.058503 2023] [core:warn] [pid 10732:tid 380] AH00098: pid file C:/xampp/apache/logs/httpd.pid overwritten -- Unclean shutdown of previous Apache run?
[Tue Apr 18 22:10:23.066555 2023] [ssl:warn] [pid 10732:tid 380] AH01909: www.example.com:443:0 server certificate does NOT include an ID which matches the server name
[Tue Apr 18 22:10:23.099458 2023] [mpm_winnt:notice] [pid 10732:tid 380] AH00455: Apache/2.4.56 (Win64) OpenSSL/1.1.1t PHP/8.2.4 configured -- resuming normal operations
[Tue Apr 18 22:10:23.099458 2023] [mpm_winnt:notice] [pid 10732:tid 380] AH00456: Apache Lounge VS16 Server built: Mar  7 2023 13:21:03
[Tue Apr 18 22:10:23.099458 2023] [core:notice] [pid 10732:tid 380] AH00094: Command line: 'c:\\xampp\\apache\\bin\\httpd.exe -d C:/xampp/apache'
[Tue Apr 18 22:10:23.106226 2023] [mpm_winnt:notice] [pid 10732:tid 380] AH00418: Parent: Created child process 14380
[Tue Apr 18 22:10:23.345750 2023] [ssl:warn] [pid 14380:tid 340] AH01909: www.example.com:443:0 server certificate does NOT include an ID which matches the server name
[Tue Apr 18 22:10:23.378086 2023] [ssl:warn] [pid 14380:tid 340] AH01909: www.example.com:443:0 server certificate does NOT include an ID which matches the server name
[Tue Apr 18 22:10:23.410391 2023] [mpm_winnt:notice] [pid 14380:tid 340] AH00354: Child: Starting 150 worker threads.
[Tue Apr 18 22:10:49.735785 2023] [php:error] [pid 14380:tid 1876] [client ::1:53636] PHP Parse error:  syntax error, unexpected token "if" in C:\\xampp\\htdocs\\pi\\model\\inclusao.php on line 19, referer: http://localhost/pi/view/atendimento/
[Tue Apr 18 22:11:16.455851 2023] [php:error] [pid 14380:tid 1876] [client ::1:53653] PHP Parse error:  syntax error, unexpected token "if" in C:\\xampp\\htdocs\\pi\\model\\inclusao.php on line 19, referer: http://localhost/pi/view/atendimento/
[Tue Apr 18 22:11:46.108815 2023] [php:error] [pid 14380:tid 1868] [client ::1:53654] PHP Parse error:  syntax error, unexpected token "if" in C:\\xampp\\htdocs\\pi\\model\\inclusao.php on line 19, referer: http://localhost/pi/view/atendimento/
[Tue Apr 18 22:13:16.049505 2023] [php:error] [pid 14380:tid 1876] [client ::1:53775] PHP Parse error:  syntax error, unexpected token "if" in C:\\xampp\\htdocs\\pi\\model\\inclusao.php on line 19, referer: http://localhost/pi/view/atendimento/
[Tue Apr 18 22:15:41.281795 2023] [php:error] [pid 14380:tid 1876] [client ::1:53971] PHP Fatal error:  Uncaught TypeError: htmlspecialchars(): Argument #1 ($string) must be of type string, array given in C:\\xampp\\htdocs\\pi\\controller\\cadastrarAtendimento.php:10\nStack trace:\n#0 C:\\xampp\\htdocs\\pi\\controller\\cadastrarAtendimento.php(10): htmlspecialchars(Array)\n#1 {main}\n  thrown in C:\\xampp\\htdocs\\pi\\controller\\cadastrarAtendimento.php on line 10, referer: http://localhost/pi/view/atendimento/
[Tue Apr 18 22:16:28.242353 2023] [php:error] [pid 14380:tid 1868] [client ::1:53988] PHP Parse error:  syntax error, unexpected token "if" in C:\\xampp\\htdocs\\pi\\model\\inclusao.php on line 19, referer: http://localhost/pi/view/atendimento/
[Tue Apr 18 22:16:45.695791 2023] [php:error] [pid 14380:tid 1868] [client ::1:54015] PHP Parse error:  syntax error, unexpected token "if" in C:\\xampp\\htdocs\\pi\\model\\inclusao.php on line 19, referer: http://localhost/pi/view/atendimento/
[Tue Apr 18 22:17:06.663722 2023] [php:error] [pid 14380:tid 1876] [client ::1:54019] PHP Parse error:  syntax error, unexpected token "if" in C:\\xampp\\htdocs\\pi\\model\\inclusao.php on line 19, referer: http://localhost/pi/view/atendimento/
[Tue Apr 18 22:18:14.887899 2023] [php:error] [pid 14380:tid 1868] [client ::1:54036] PHP Parse error:  syntax error, unexpected token "if" in C:\\xampp\\htdocs\\pi\\model\\inclusao.php on line 19, referer: http://localhost/pi/view/atendimento/
[Tue Apr 18 22:20:32.205473 2023] [php:error] [pid 14380:tid 1852] [client ::1:54255] PHP Parse error:  syntax error, unexpected token "if" in C:\\xampp\\htdocs\\pi\\model\\inclusao.php on line 19, referer: http://localhost/pi/view/atendimento/
[Tue Apr 18 22:20:48.398810 2023] [php:error] [pid 14380:tid 1868] [client ::1:54256] PHP Parse error:  syntax error, unexpected token "if" in C:\\xampp\\htdocs\\pi\\model\\inclusao.php on line 19, referer: http://localhost/pi/view/atendimento/
[Tue Apr 18 22:35:53.445393 2023] [php:error] [pid 14380:tid 1852] [client ::1:55223] PHP Parse error:  syntax error, unexpected token "echo" in C:\\xampp\\htdocs\\pi\\model\\inclusao.php on line 18, referer: http://localhost/pi/view/atendimento/
[Tue Apr 18 22:36:07.135700 2023] [php:error] [pid 14380:tid 1868] [client ::1:55224] PHP Parse error:  syntax error, unexpected identifier "define" in C:\\xampp\\htdocs\\pi\\model\\inicia.php on line 4, referer: http://localhost/pi/view/atendimento/
[Tue Apr 18 22:36:52.248400 2023] [php:error] [pid 14380:tid 1852] [client ::1:55236] PHP Fatal error:  Uncaught Error: Call to undefined function conecta_db() in C:\\xampp\\htdocs\\pi\\model\\inclusao.php:5\nStack trace:\n#0 C:\\xampp\\htdocs\\pi\\controller\\cadastrarAtendimento.php(22): require_once()\n#1 {main}\n  thrown in C:\\xampp\\htdocs\\pi\\model\\inclusao.php on line 5, referer: http://localhost/pi/view/atendimento/
[Tue Apr 18 22:38:49.758351 2023] [php:error] [pid 14380:tid 1868] [client ::1:55258] PHP Fatal error:  Uncaught Error: Call to a member function prepare() on int in C:\\xampp\\htdocs\\pi\\model\\inclusao.php:10\nStack trace:\n#0 C:\\xampp\\htdocs\\pi\\controller\\cadastrarAtendimento.php(22): require_once()\n#1 {main}\n  thrown in C:\\xampp\\htdocs\\pi\\model\\inclusao.php on line 10, referer: http://localhost/pi/view/atendimento/
[Tue Apr 18 22:44:22.246882 2023] [ssl:warn] [pid 10736:tid 404] AH01909: www.example.com:443:0 server certificate does NOT include an ID which matches the server name
[Tue Apr 18 22:44:22.285463 2023] [core:warn] [pid 10736:tid 404] AH00098: pid file C:/xampp/apache/logs/httpd.pid overwritten -- Unclean shutdown of previous Apache run?
[Tue Apr 18 22:44:22.285463 2023] [ssl:warn] [pid 10736:tid 404] AH01909: www.example.com:443:0 server certificate does NOT include an ID which matches the server name
PHP Warning:  Module "mysqli" is already loaded in Unknown on line 0
[Tue Apr 18 22:44:22.329639 2023] [mpm_winnt:notice] [pid 10736:tid 404] AH00455: Apache/2.4.56 (Win64) OpenSSL/1.1.1t PHP/8.2.4 configured -- resuming normal operations
[Tue Apr 18 22:44:22.329639 2023] [mpm_winnt:notice] [pid 10736:tid 404] AH00456: Apache Lounge VS16 Server built: Mar  7 2023 13:21:03
[Tue Apr 18 22:44:22.329639 2023] [core:notice] [pid 10736:tid 404] AH00094: Command line: 'c:\\xampp\\apache\\bin\\httpd.exe -d C:/xampp/apache'
[Tue Apr 18 22:44:22.335150 2023] [mpm_winnt:notice] [pid 10736:tid 404] AH00418: Parent: Created child process 12300
[Tue Apr 18 22:44:22.585059 2023] [ssl:warn] [pid 12300:tid 352] AH01909: www.example.com:443:0 server certificate does NOT include an ID which matches the server name
[Tue Apr 18 22:44:22.625336 2023] [ssl:warn] [pid 12300:tid 352] AH01909: www.example.com:443:0 server certificate does NOT include an ID which matches the server name
PHP Warning:  Module "mysqli" is already loaded in Unknown on line 0
[Tue Apr 18 22:44:22.655159 2023] [mpm_winnt:notice] [pid 12300:tid 352] AH00354: Child: Starting 150 worker threads.
[Tue Apr 18 22:44:45.876790 2023] [php:error] [pid 12300:tid 1908] [client ::1:55508] PHP Fatal error:  Uncaught Error: Call to a member function prepare() on int in C:\\xampp\\htdocs\\pi\\model\\inclusao.php:10\nStack trace:\n#0 C:\\xampp\\htdocs\\pi\\controller\\cadastrarAtendimento.php(22): require_once()\n#1 {main}\n  thrown in C:\\xampp\\htdocs\\pi\\model\\inclusao.php on line 10, referer: http://localhost/pi/view/atendimento/
[Tue Apr 18 22:45:03.756180 2023] [php:error] [pid 12300:tid 1900] [client ::1:55509] PHP Fatal error:  Uncaught Error: Call to a member function prepare() on int in C:\\xampp\\htdocs\\pi\\model\\inclusao.php:10\nStack trace:\n#0 C:\\xampp\\htdocs\\pi\\controller\\cadastrarAtendimento.php(22): require_once()\n#1 {main}\n  thrown in C:\\xampp\\htdocs\\pi\\model\\inclusao.php on line 10, referer: http://localhost/pi/view/atendimento/
[Tue Apr 18 22:50:13.541725 2023] [php:error] [pid 12300:tid 1908] [client ::1:55583] PHP Fatal error:  Uncaught Error: Call to a member function prepare() on int in C:\\xampp\\htdocs\\pi\\model\\inclusao.php:8\nStack trace:\n#0 C:\\xampp\\htdocs\\pi\\controller\\cadastrarAtendimento.php(22): require_once()\n#1 {main}\n  thrown in C:\\xampp\\htdocs\\pi\\model\\inclusao.php on line 8, referer: http://localhost/pi/view/atendimento/
[Tue Apr 18 22:55:39.575035 2023] [php:error] [pid 12300:tid 1900] [client ::1:55743] PHP Fatal error:  Uncaught Error: Call to a member function prepare() on int in C:\\xampp\\htdocs\\pi\\model\\inclusao.php:8\nStack trace:\n#0 C:\\xampp\\htdocs\\pi\\controller\\cadastrarAtendimento.php(22): require_once()\n#1 {main}\n  thrown in C:\\xampp\\htdocs\\pi\\model\\inclusao.php on line 8, referer: http://localhost/pi/view/atendimento/
[Tue Apr 18 22:56:02.039420 2023] [php:error] [pid 12300:tid 1888] [client ::1:55772] PHP Fatal error:  Uncaught Error: Call to a member function prepare() on int in C:\\xampp\\htdocs\\pi\\model\\inclusao.php:8\nStack trace:\n#0 C:\\xampp\\htdocs\\pi\\controller\\cadastrarAtendimento.php(22): require_once()\n#1 {main}\n  thrown in C:\\xampp\\htdocs\\pi\\model\\inclusao.php on line 8, referer: http://localhost/pi/view/atendimento/
[Tue Apr 18 22:56:54.634885 2023] [php:error] [pid 12300:tid 1900] [client ::1:55773] PHP Fatal error:  Uncaught Error: Call to undefined function conecta_db() in C:\\xampp\\htdocs\\pi\\model\\inclusao.php:5\nStack trace:\n#0 C:\\xampp\\htdocs\\pi\\controller\\cadastrarAtendimento.php(22): require_once()\n#1 {main}\n  thrown in C:\\xampp\\htdocs\\pi\\model\\inclusao.php on line 5, referer: http://localhost/pi/view/atendimento/
[Tue Apr 18 22:58:33.195418 2023] [php:error] [pid 12300:tid 1888] [client ::1:55799] PHP Fatal error:  Uncaught Error: Call to undefined function conecta_db() in C:\\xampp\\htdocs\\pi\\model\\inclusao.php:5\nStack trace:\n#0 C:\\xampp\\htdocs\\pi\\controller\\cadastrarAtendimento.php(22): require_once()\n#1 {main}\n  thrown in C:\\xampp\\htdocs\\pi\\model\\inclusao.php on line 5, referer: http://localhost/pi/view/atendimento/
[Tue Apr 18 22:58:42.915463 2023] [php:warn] [pid 12300:tid 1900] [client ::1:55800] PHP Warning:  Undefined variable $conn in C:\\xampp\\htdocs\\pi\\model\\inclusao.php on line 8, referer: http://localhost/pi/view/atendimento/
[Tue Apr 18 22:58:42.915463 2023] [php:error] [pid 12300:tid 1900] [client ::1:55800] PHP Fatal error:  Uncaught Error: Call to a member function prepare() on null in C:\\xampp\\htdocs\\pi\\model\\inclusao.php:8\nStack trace:\n#0 C:\\xampp\\htdocs\\pi\\controller\\cadastrarAtendimento.php(22): require_once()\n#1 {main}\n  thrown in C:\\xampp\\htdocs\\pi\\model\\inclusao.php on line 8, referer: http://localhost/pi/view/atendimento/
[Tue Apr 18 23:03:17.162202 2023] [php:warn] [pid 12300:tid 1888] [client ::1:55859] PHP Warning:  require_once(inicia.php): Failed to open stream: No such file or directory in C:\\xampp\\htdocs\\pi\\controller\\cadastrarAtendimento.php on line 3, referer: http://localhost/pi/view/atendimento/
[Tue Apr 18 23:03:17.162202 2023] [php:error] [pid 12300:tid 1888] [client ::1:55859] PHP Fatal error:  Uncaught Error: Failed opening required 'inicia.php' (include_path='C:\\xampp\\php\\PEAR') in C:\\xampp\\htdocs\\pi\\controller\\cadastrarAtendimento.php:3\nStack trace:\n#0 {main}\n  thrown in C:\\xampp\\htdocs\\pi\\controller\\cadastrarAtendimento.php on line 3, referer: http://localhost/pi/view/atendimento/
[Tue Apr 18 23:03:44.096557 2023] [php:error] [pid 12300:tid 1900] [client ::1:55860] PHP Fatal error:  Uncaught Error: Call to undefined function conecta_db() in C:\\xampp\\htdocs\\pi\\model\\inclusao.php:4\nStack trace:\n#0 C:\\xampp\\htdocs\\pi\\controller\\cadastrarAtendimento.php(24): require_once()\n#1 {main}\n  thrown in C:\\xampp\\htdocs\\pi\\model\\inclusao.php on line 4, referer: http://localhost/pi/view/atendimento/
[Tue Apr 18 23:12:01.074839 2023] [php:error] [pid 12300:tid 1888] [client ::1:55974] PHP Fatal error:  Uncaught Error: Call to undefined function conecta_db() in C:\\xampp\\htdocs\\pi\\model\\inclusao.php:4\nStack trace:\n#0 C:\\xampp\\htdocs\\pi\\controller\\cadastrarAtendimento.php(24): require_once()\n#1 {main}\n  thrown in C:\\xampp\\htdocs\\pi\\model\\inclusao.php on line 4, referer: http://localhost/pi/view/atendimento/
[Tue Apr 18 23:12:18.805236 2023] [php:error] [pid 12300:tid 1908] [client ::1:56001] PHP Fatal error:  Uncaught Error: Call to undefined function conecta_db() in C:\\xampp\\htdocs\\pi\\model\\inclusao.php:4\nStack trace:\n#0 C:\\xampp\\htdocs\\pi\\controller\\cadastrarAtendimento.php(24): require_once()\n#1 {main}\n  thrown in C:\\xampp\\htdocs\\pi\\model\\inclusao.php on line 4, referer: http://localhost/pi/view/atendimento/
[Tue Apr 18 23:13:41.745229 2023] [php:error] [pid 12300:tid 1900] [client ::1:56016] PHP Fatal error:  Uncaught Error: Call to a member function conecta_db() on string in C:\\xampp\\htdocs\\pi\\model\\inclusao.php:4\nStack trace:\n#0 C:\\xampp\\htdocs\\pi\\controller\\cadastrarAtendimento.php(24): require_once()\n#1 {main}\n  thrown in C:\\xampp\\htdocs\\pi\\model\\inclusao.php on line 4, referer: http://localhost/pi/view/atendimento/
[Tue Apr 18 23:15:08.095093 2023] [php:error] [pid 12300:tid 1908] [client ::1:56034] PHP Fatal error:  Uncaught Error: Call to a member function conecta_db() on string in C:\\xampp\\htdocs\\pi\\model\\inclusao.php:4\nStack trace:\n#0 C:\\xampp\\htdocs\\pi\\controller\\cadastrarAtendimento.php(24): require_once()\n#1 {main}\n  thrown in C:\\xampp\\htdocs\\pi\\model\\inclusao.php on line 4, referer: http://localhost/pi/view/atendimento/
[Tue Apr 18 23:20:52.442526 2023] [php:error] [pid 12300:tid 1900] [client ::1:56739] PHP Fatal error:  Uncaught Error: Call to undefined function conecta_db() in C:\\xampp\\htdocs\\pi\\model\\inclusao.php:4\nStack trace:\n#0 C:\\xampp\\htdocs\\pi\\controller\\cadastrarAtendimento.php(24): require_once()\n#1 {main}\n  thrown in C:\\xampp\\htdocs\\pi\\model\\inclusao.php on line 4, referer: http://localhost/pi/view/atendimento/
[Tue Apr 18 23:23:36.465742 2023] [php:error] [pid 12300:tid 1908] [client ::1:56869] PHP Fatal error:  Uncaught PDOException: SQLSTATE[HY093]: Invalid parameter number: number of bound variables does not match number of tokens in C:\\xampp\\htdocs\\pi\\model\\inclusao.php:16\nStack trace:\n#0 C:\\xampp\\htdocs\\pi\\model\\inclusao.php(16): PDOStatement->execute()\n#1 C:\\xampp\\htdocs\\pi\\controller\\cadastrarAtendimento.php(24): require_once('C:\\\\xampp\\\\htdocs...')\n#2 {main}\n  thrown in C:\\xampp\\htdocs\\pi\\model\\inclusao.php on line 16, referer: http://localhost/pi/view/atendimento/
[Tue Apr 18 23:26:11.513926 2023] [php:error] [pid 12300:tid 1900] [client ::1:56886] script 'C:/xampp/htdocs/pi/view/inicio.php' not found or unable to stat, referer: http://localhost/pi/view/atendimento/
[Tue Apr 18 23:28:41.410953 2023] [php:error] [pid 12300:tid 1900] [client ::1:56940] script 'C:/xampp/htdocs/pi/index.php' not found or unable to stat, referer: http://localhost/pi/view/atendimento/
[Tue Apr 18 23:31:14.422642 2023] [php:error] [pid 12300:tid 1908] [client ::1:57005] PHP Fatal error:  Uncaught PDOException: SQLSTATE[23000]: Integrity constraint violation: 1062 Duplicate entry '33975' for key 'PRIMARY' in C:\\xampp\\htdocs\\pi\\model\\inclusao.php:16\nStack trace:\n#0 C:\\xampp\\htdocs\\pi\\model\\inclusao.php(16): PDOStatement->execute()\n#1 C:\\xampp\\htdocs\\pi\\controller\\cadastrarAtendimento.php(26): require_once('C:\\\\xampp\\\\htdocs...')\n#2 {main}\n  thrown in C:\\xampp\\htdocs\\pi\\model\\inclusao.php on line 16, referer: http://localhost/pi/view/atendimento/
[Tue Apr 18 23:31:47.829665 2023] [php:error] [pid 12300:tid 1908] [client ::1:57021] script 'C:/xampp/htdocs/pi/index.php' not found or unable to stat, referer: http://localhost/pi/view/atendimento/
[Tue Apr 18 23:37:23.094739 2023] [php:error] [pid 12300:tid 1900] [client ::1:57181] PHP Fatal error:  Uncaught Error: Call to undefined function alert() in C:\\xampp\\htdocs\\pi\\model\\inclusao.php:17\nStack trace:\n#0 C:\\xampp\\htdocs\\pi\\controller\\cadastrarAtendimento.php(21): require_once()\n#1 {main}\n  thrown in C:\\xampp\\htdocs\\pi\\model\\inclusao.php on line 17, referer: http://localhost/pi/view/atendimento/
[Tue Apr 18 23:38:55.478015 2023] [php:error] [pid 12300:tid 1868] [client ::1:57317] PHP Fatal error:  Uncaught PDOException: SQLSTATE[23000]: Integrity constraint violation: 1062 Duplicate entry '2147483647' for key 'PRIMARY' in C:\\xampp\\htdocs\\pi\\model\\inclusao.php:16\nStack trace:\n#0 C:\\xampp\\htdocs\\pi\\model\\inclusao.php(16): PDOStatement->execute()\n#1 C:\\xampp\\htdocs\\pi\\controller\\cadastrarAtendimento.php(21): require_once('C:\\\\xampp\\\\htdocs...')\n#2 {main}\n  thrown in C:\\xampp\\htdocs\\pi\\model\\inclusao.php on line 16, referer: http://localhost/pi/view/atendimento/
[Wed Apr 19 00:13:07.284314 2023] [php:error] [pid 12300:tid 1868] [client ::1:58726] PHP Fatal error:  Uncaught PDOException: SQLSTATE[23000]: Integrity constraint violation: 1062 Duplicate entry '033.975.160-64' for key 'PRIMARY' in C:\\xampp\\htdocs\\pi\\model\\inclusao.php:18\nStack trace:\n#0 C:\\xampp\\htdocs\\pi\\model\\inclusao.php(18): PDOStatement->execute()\n#1 C:\\xampp\\htdocs\\pi\\controller\\cadastrarAtendimento.php(21): require_once('C:\\\\xampp\\\\htdocs...')\n#2 {main}\n  thrown in C:\\xampp\\htdocs\\pi\\model\\inclusao.php on line 18, referer: http://localhost/pi/view/atendimento/
[Wed Apr 19 00:17:02.992110 2023] [php:error] [pid 12300:tid 1880] [client ::1:58815] PHP Fatal error:  Uncaught PDOException: SQLSTATE[23000]: Integrity constraint violation: 1062 Duplicate entry '033.975.160-64' for key 'PRIMARY' in C:\\xampp\\htdocs\\pi\\model\\inclusao.php:18\nStack trace:\n#0 C:\\xampp\\htdocs\\pi\\model\\inclusao.php(18): PDOStatement->execute()\n#1 C:\\xampp\\htdocs\\pi\\controller\\cadastrarAtendimento.php(21): require_once('C:\\\\xampp\\\\htdocs...')\n#2 {main}\n  thrown in C:\\xampp\\htdocs\\pi\\model\\inclusao.php on line 18, referer: http://localhost/pi/view/atendimento/
[Wed Apr 19 00:35:02.839305 2023] [php:error] [pid 12300:tid 1868] [client ::1:60210] PHP Fatal error:  Uncaught PDOException: SQLSTATE[23000]: Integrity constraint violation: 1062 Duplicate entry '033.975.160-64' for key 'PRIMARY' in C:\\xampp\\htdocs\\pi\\model\\inclusao.php:18\nStack trace:\n#0 C:\\xampp\\htdocs\\pi\\model\\inclusao.php(18): PDOStatement->execute()\n#1 C:\\xampp\\htdocs\\pi\\controller\\cadastrarAtendimento.php(21): require_once('C:\\\\xampp\\\\htdocs...')\n#2 {main}\n  thrown in C:\\xampp\\htdocs\\pi\\model\\inclusao.php on line 18, referer: http://localhost/pi/view/atendimento/
[Wed Apr 19 00:47:27.278782 2023] [php:error] [pid 12300:tid 1868] [client ::1:60338] PHP Fatal error:  Uncaught PDOException: SQLSTATE[23000]: Integrity constraint violation: 1062 Duplicate entry '033.975.160-64' for key 'PRIMARY' in C:\\xampp\\htdocs\\pi\\model\\inclusao.php:18\nStack trace:\n#0 C:\\xampp\\htdocs\\pi\\model\\inclusao.php(18): PDOStatement->execute()\n#1 C:\\xampp\\htdocs\\pi\\controller\\cadastrarAtendimento.php(21): require_once('C:\\\\xampp\\\\htdocs...')\n#2 {main}\n  thrown in C:\\xampp\\htdocs\\pi\\model\\inclusao.php on line 18, referer: http://localhost/pi/view/atendimento/
[Wed Apr 19 01:31:24.373454 2023] [php:error] [pid 12300:tid 1880] [client ::1:62292] PHP Fatal error:  Uncaught PDOException: SQLSTATE[23000]: Integrity constraint violation: 1062 Duplicate entry '033.975.160-64' for key 'PRIMARY' in C:\\xampp\\htdocs\\pi\\model\\inclusao.php:18\nStack trace:\n#0 C:\\xampp\\htdocs\\pi\\model\\inclusao.php(18): PDOStatement->execute()\n#1 C:\\xampp\\htdocs\\pi\\controller\\cadastrarAtendimento.php(21): require_once('C:\\\\xampp\\\\htdocs...')\n#2 {main}\n  thrown in C:\\xampp\\htdocs\\pi\\model\\inclusao.php on line 18, referer: http://localhost/pi/view/atendimento/
[Mon Apr 24 09:58:24.474168 2023] [ssl:warn] [pid 13496:tid 392] AH01909: www.example.com:443:0 server certificate does NOT include an ID which matches the server name
[Mon Apr 24 09:58:24.505413 2023] [core:warn] [pid 13496:tid 392] AH00098: pid file C:/xampp/apache/logs/httpd.pid overwritten -- Unclean shutdown of previous Apache run?
[Mon Apr 24 09:58:24.505413 2023] [ssl:warn] [pid 13496:tid 392] AH01909: www.example.com:443:0 server certificate does NOT include an ID which matches the server name
PHP Warning:  Module "mysqli" is already loaded in Unknown on line 0
[Mon Apr 24 09:58:24.739789 2023] [mpm_winnt:notice] [pid 13496:tid 392] AH00455: Apache/2.4.56 (Win64) OpenSSL/1.1.1t PHP/8.2.4 configured -- resuming normal operations
[Mon Apr 24 09:58:24.739789 2023] [mpm_winnt:notice] [pid 13496:tid 392] AH00456: Apache Lounge VS16 Server built: Mar  7 2023 13:21:03
[Mon Apr 24 09:58:24.739789 2023] [core:notice] [pid 13496:tid 392] AH00094: Command line: 'c:\\xampp\\apache\\bin\\httpd.exe -d C:/xampp/apache'
[Mon Apr 24 09:58:24.739789 2023] [mpm_winnt:notice] [pid 13496:tid 392] AH00418: Parent: Created child process 1332
[Mon Apr 24 09:58:25.099565 2023] [ssl:warn] [pid 1332:tid 364] AH01909: www.example.com:443:0 server certificate does NOT include an ID which matches the server name
[Mon Apr 24 09:58:25.146439 2023] [ssl:warn] [pid 1332:tid 364] AH01909: www.example.com:443:0 server certificate does NOT include an ID which matches the server name
PHP Warning:  Module "mysqli" is already loaded in Unknown on line 0
[Mon Apr 24 09:58:25.194489 2023] [mpm_winnt:notice] [pid 1332:tid 364] AH00354: Child: Starting 150 worker threads.
[Mon Apr 24 16:32:48.111579 2023] [php:error] [pid 1332:tid 1856] [client ::1:59428] script 'C:/xampp/htdocs/pi/view/registrar/register.php' not found or unable to stat, referer: http://localhost/pi/view/registrar/
[Mon Apr 24 16:32:49.399244 2023] [php:error] [pid 1332:tid 1856] [client ::1:59428] script 'C:/xampp/htdocs/pi/view/registrar/register.php' not found or unable to stat, referer: http://localhost/pi/view/registrar/
[Mon Apr 24 16:43:56.897271 2023] [php:error] [pid 1332:tid 1856] [client ::1:59672] PHP Parse error:  syntax error, unexpected token "class" in C:\\xampp\\htdocs\\pi\\model\\user\\User.php on line 4, referer: http://localhost/pi/view/registrar/
[Mon Apr 24 16:44:30.585366 2023] [php:error] [pid 1332:tid 1864] [client ::1:59678] PHP Parse error:  syntax error, unexpected token "public" in C:\\xampp\\htdocs\\pi\\model\\user\\User.php on line 4, referer: http://localhost/pi/view/registrar/
[Mon Apr 24 16:44:40.577538 2023] [php:error] [pid 1332:tid 1856] [client ::1:59684] PHP Parse error:  syntax error, unexpected token "class" in C:\\xampp\\htdocs\\pi\\model\\user\\User.php on line 4, referer: http://localhost/pi/view/registrar/
[Mon Apr 24 16:47:15.761626 2023] [php:error] [pid 1332:tid 1864] [client ::1:59752] PHP Parse error:  syntax error, unexpected token "class" in C:\\xampp\\htdocs\\pi\\model\\user\\User.php on line 4, referer: http://localhost/pi/view/registrar/
[Mon Apr 24 16:47:36.339226 2023] [php:error] [pid 1332:tid 1856] [client ::1:59753] PHP Parse error:  syntax error, unexpected token "class" in C:\\xampp\\htdocs\\pi\\model\\user\\User.php on line 4, referer: http://localhost/pi/view/registrar/
[Mon Apr 24 16:50:32.792002 2023] [php:error] [pid 1332:tid 1864] [client ::1:59790] PHP Parse error:  syntax error, unexpected identifier "defined" in C:\\xampp\\htdocs\\pi\\model\\user\\User.php on line 3, referer: http://localhost/pi/view/registrar/
[Mon Apr 24 16:50:55.887603 2023] [php:error] [pid 1332:tid 1856] [client ::1:59791] PHP Parse error:  syntax error, unexpected identifier "defined" in C:\\xampp\\htdocs\\pi\\model\\user\\User.php on line 3, referer: http://localhost/pi/view/registrar/
[Mon Apr 24 16:51:08.550182 2023] [php:warn] [pid 1332:tid 1864] [client ::1:59797] PHP Warning:  require_once(./UserData.php): Failed to open stream: No such file or directory in C:\\xampp\\htdocs\\pi\\model\\user\\User.php on line 2, referer: http://localhost/pi/view/registrar/
[Mon Apr 24 16:51:08.550182 2023] [php:error] [pid 1332:tid 1864] [client ::1:59797] PHP Fatal error:  Uncaught Error: Failed opening required './UserData.php' (include_path='C:\\xampp\\php\\PEAR') in C:\\xampp\\htdocs\\pi\\model\\user\\User.php:2\nStack trace:\n#0 C:\\xampp\\htdocs\\pi\\controller\\registerController.php(4): require_once()\n#1 {main}\n  thrown in C:\\xampp\\htdocs\\pi\\model\\user\\User.php on line 2, referer: http://localhost/pi/view/registrar/
[Mon Apr 24 16:51:22.496612 2023] [php:warn] [pid 1332:tid 1856] [client ::1:59802] PHP Warning:  require_once(./UserData.php): Failed to open stream: No such file or directory in C:\\xampp\\htdocs\\pi\\model\\user\\User.php on line 2, referer: http://localhost/pi/view/registrar/
[Mon Apr 24 16:51:22.496612 2023] [php:error] [pid 1332:tid 1856] [client ::1:59802] PHP Fatal error:  Uncaught Error: Failed opening required './UserData.php' (include_path='C:\\xampp\\php\\PEAR') in C:\\xampp\\htdocs\\pi\\model\\user\\User.php:2\nStack trace:\n#0 C:\\xampp\\htdocs\\pi\\controller\\registerController.php(4): require_once()\n#1 {main}\n  thrown in C:\\xampp\\htdocs\\pi\\model\\user\\User.php on line 2, referer: http://localhost/pi/view/registrar/
[Mon Apr 24 16:52:07.561201 2023] [php:error] [pid 1332:tid 1864] [client ::1:59806] PHP Parse error:  syntax error, unexpected token "class", expecting "::" in C:\\xampp\\htdocs\\pi\\model\\user\\UserData.php on line 3, referer: http://localhost/pi/view/registrar/
[Mon Apr 24 16:52:21.107227 2023] [php:error] [pid 1332:tid 1856] [client ::1:59810] PHP Parse error:  syntax error, unexpected token "class", expecting "::" in C:\\xampp\\htdocs\\pi\\model\\user\\UserData.php on line 3, referer: http://localhost/pi/view/registrar/
[Mon Apr 24 16:53:06.212833 2023] [php:error] [pid 1332:tid 1864] [client ::1:59818] PHP Parse error:  syntax error, unexpected token "class", expecting "::" in C:\\xampp\\htdocs\\pi\\model\\user\\UserData.php on line 3, referer: http://localhost/pi/view/registrar/
[Mon Apr 24 16:55:14.135594 2023] [php:error] [pid 1332:tid 1856] [client ::1:59822] PHP Fatal error:  Constant expression contains invalid operations in C:\\xampp\\htdocs\\pi\\model\\user\\UserData.php on line 4, referer: http://localhost/pi/view/registrar/
[Mon Apr 24 16:55:56.415115 2023] [php:error] [pid 1332:tid 1864] [client ::1:59823] PHP Fatal error:  Constant expression contains invalid operations in C:\\xampp\\htdocs\\pi\\model\\user\\UserData.php on line 4, referer: http://localhost/pi/view/registrar/
[Mon Apr 24 16:59:18.188256 2023] [php:error] [pid 1332:tid 1856] [client ::1:59825] PHP Fatal error:  Constant expression contains invalid operations in C:\\xampp\\htdocs\\pi\\model\\user\\UserData.php on line 5, referer: http://localhost/pi/view/registrar/
[Mon Apr 24 17:00:26.913177 2023] [php:error] [pid 1332:tid 1864] [client ::1:59827] PHP Parse error:  syntax error, unexpected token "private" in C:\\xampp\\htdocs\\pi\\model\\user\\UserData.php on line 6, referer: http://localhost/pi/view/registrar/
[Mon Apr 24 17:00:48.433132 2023] [php:error] [pid 1332:tid 1856] [client ::1:59828] PHP Fatal error:  Uncaught Error: Non-static method UserData::insertUsuario() cannot be called statically in C:\\xampp\\htdocs\\pi\\model\\user\\User.php:28\nStack trace:\n#0 C:\\xampp\\htdocs\\pi\\controller\\registerController.php(17): User->criaUsuario('bryandbernhardt...', 't5g8y3g3')\n#1 {main}\n  thrown in C:\\xampp\\htdocs\\pi\\model\\user\\User.php on line 28, referer: http://localhost/pi/view/registrar/
[Mon Apr 24 17:01:44.374541 2023] [php:error] [pid 1332:tid 1864] [client ::1:59829] PHP Parse error:  syntax error, unexpected token "=" in C:\\xampp\\htdocs\\pi\\model\\user\\User.php on line 27, referer: http://localhost/pi/view/registrar/
[Mon Apr 24 17:02:08.385574 2023] [php:error] [pid 1332:tid 1856] [client ::1:59830] PHP Fatal error:  Uncaught PDOException: SQLSTATE[23000]: Integrity constraint violation: 1048 Column 'CPF' cannot be null in C:\\xampp\\htdocs\\pi\\model\\inclusao.php:18\nStack trace:\n#0 C:\\xampp\\htdocs\\pi\\model\\inclusao.php(18): PDOStatement->execute()\n#1 C:\\xampp\\htdocs\\pi\\controller\\registerController.php(20): require_once('C:\\\\xampp\\\\htdocs...')\n#2 {main}\n  thrown in C:\\xampp\\htdocs\\pi\\model\\inclusao.php on line 18, referer: http://localhost/pi/view/registrar/
[Mon Apr 24 17:04:21.474261 2023] [php:error] [pid 1332:tid 1856] [client ::1:59852] PHP Parse error:  syntax error, unexpected token "if" in C:\\xampp\\htdocs\\pi\\controller\\loginController.php on line 20, referer: http://localhost/pi/view/login/
[Mon Apr 24 17:04:45.642853 2023] [php:error] [pid 1332:tid 1896] [client ::1:59853] PHP Fatal error:  Uncaught Error: Call to private method User::setEmail() from global scope in C:\\xampp\\htdocs\\pi\\controller\\loginController.php:17\nStack trace:\n#0 {main}\n  thrown in C:\\xampp\\htdocs\\pi\\controller\\loginController.php on line 17, referer: http://localhost/pi/view/login/
[Mon Apr 24 17:06:01.596926 2023] [php:error] [pid 1332:tid 1856] [client ::1:59855] PHP Fatal error:  Uncaught PDOException: SQLSTATE[23000]: Integrity constraint violation: 1048 Column 'CPF' cannot be null in C:\\xampp\\htdocs\\pi\\model\\inclusao.php:18\nStack trace:\n#0 C:\\xampp\\htdocs\\pi\\model\\inclusao.php(18): PDOStatement->execute()\n#1 C:\\xampp\\htdocs\\pi\\controller\\loginController.php(25): require_once('C:\\\\xampp\\\\htdocs...')\n#2 {main}\n  thrown in C:\\xampp\\htdocs\\pi\\model\\inclusao.php on line 18, referer: http://localhost/pi/view/login/
[Mon Apr 24 17:06:53.477505 2023] [php:error] [pid 1332:tid 1896] [client ::1:59893] PHP Fatal error:  Uncaught PDOException: SQLSTATE[23000]: Integrity constraint violation: 1048 Column 'CPF' cannot be null in C:\\xampp\\htdocs\\pi\\model\\inclusao.php:18\nStack trace:\n#0 C:\\xampp\\htdocs\\pi\\model\\inclusao.php(18): PDOStatement->execute()\n#1 C:\\xampp\\htdocs\\pi\\controller\\loginController.php(25): require_once('C:\\\\xampp\\\\htdocs...')\n#2 {main}\n  thrown in C:\\xampp\\htdocs\\pi\\model\\inclusao.php on line 18, referer: http://localhost/pi/view/login/
[Mon Apr 24 17:07:50.987389 2023] [ssl:warn] [pid 18224:tid 352] AH01909: www.example.com:443:0 server certificate does NOT include an ID which matches the server name
[Mon Apr 24 17:07:51.019774 2023] [core:warn] [pid 18224:tid 352] AH00098: pid file C:/xampp/apache/logs/httpd.pid overwritten -- Unclean shutdown of previous Apache run?
[Mon Apr 24 17:07:51.019774 2023] [ssl:warn] [pid 18224:tid 352] AH01909: www.example.com:443:0 server certificate does NOT include an ID which matches the server name
PHP Warning:  Module "mysqli" is already loaded in Unknown on line 0
[Mon Apr 24 17:07:51.317830 2023] [mpm_winnt:notice] [pid 18224:tid 352] AH00455: Apache/2.4.56 (Win64) OpenSSL/1.1.1t PHP/8.2.4 configured -- resuming normal operations
[Mon Apr 24 17:07:51.317830 2023] [mpm_winnt:notice] [pid 18224:tid 352] AH00456: Apache Lounge VS16 Server built: Mar  7 2023 13:21:03
[Mon Apr 24 17:07:51.317830 2023] [core:notice] [pid 18224:tid 352] AH00094: Command line: 'c:\\xampp\\apache\\bin\\httpd.exe -d C:/xampp/apache'
[Mon Apr 24 17:07:51.333935 2023] [mpm_winnt:notice] [pid 18224:tid 352] AH00418: Parent: Created child process 296
[Mon Apr 24 17:07:51.634644 2023] [ssl:warn] [pid 296:tid 356] AH01909: www.example.com:443:0 server certificate does NOT include an ID which matches the server name
